<?xml version="1.0" encoding="UTF-8"?>
<!-- Generated by org.testng.reporters.JUnitReportReporter -->
<testsuite hostname="DESKTOP-NJEIEAH" failures="0" tests="1" name="apiTesting.CurrencyPairsAPI" time="4.544" errors="0" timestamp="2024-04-19T15:53:58 IST" skipped="0">
  <testcase classname="apiTesting.CurrencyPairsAPI" name="checkNumberOfCurrencyPairs" time="4.544"/>
</testsuite> <!-- apiTesting.CurrencyPairsAPI -->
