<?xml version="1.0" encoding="UTF-8"?>
<!-- Generated by org.testng.reporters.JUnitReportReporter -->
<testsuite hostname="DESKTOP-NJEIEAH" failures="0" tests="1" name="apiTestingTC.ApiCall" time="4.010" errors="0" timestamp="2024-04-20T20:16:02 IST" skipped="0">
  <testcase classname="apiTestingTC.ApiCall" name="TestAPICall" time="4.010"/>
  <system-out/>
</testsuite> <!-- apiTestingTC.ApiCall -->
